Training model: lr with 5 folds
Log file: ../results/model_training_lr_20250425_200126.log
Training started at: 2025-04-25 20:01:26
--------------------------------------------------------------------------------
Loading the data
Loaded and Folds created successfully!!!
Langauge Feature Started
Langauge Feature Ended
Graph Features Creation Started
Graph Feature Creation Ended
Node Features Creation Started
Node Features Creation Ended
DataFrame Creation Started
DataFrame Creation Ended!!
One Hot Encoding Started
One Hot Encoding created and Saved
Langauge Feature Started
Langauge Feature Ended
Graph Features Creation Started
Graph Feature Creation Ended
Node Features Creation Started
Node Features Creation Ended
DataFrame Creation Started
DataFrame Creation Ended!!
One Hot Encoding Started
One Hot Encoding created and Saved
************************************************** Fold 0 **************************************************
Train F1 Score:0.5073578560385267, Train Precision:0.7397519965243609, Train Recall: 0.5104090339347523,          Train ROC AUC Score:0.8427538961430986,Train Zero One Loss:0.6882142857142857,Train Log Loss :0.16412277461549626
Validation F1 Score:0.5197877614101163, Validation Precision:0.809457562540733, Validation Recall: 0.5169060559347608,          Validation ROC AUC Score: 0.8413736128438132, Valid Zero One Loss:0.6838095238095238,Valid Log Loss: 0.16241024149245017
****************************************************************************************************
Langauge Feature Started
Langauge Feature Ended
Graph Features Creation Started
Graph Feature Creation Ended
Node Features Creation Started
Node Features Creation Ended
DataFrame Creation Started
DataFrame Creation Ended!!
One Hot Encoding Started
One Hot Encoding created and Saved
Langauge Feature Started
Langauge Feature Ended
Graph Features Creation Started
Graph Feature Creation Ended
Node Features Creation Started
Node Features Creation Ended
DataFrame Creation Started
DataFrame Creation Ended!!
One Hot Encoding Started
One Hot Encoding created and Saved
************************************************** Fold 1 **************************************************
Train F1 Score:0.5112019943270972, Train Precision:0.7449793222379519, Train Recall: 0.5124147713923218,          Train ROC AUC Score:0.8435116486329506,Train Zero One Loss:0.6817857142857143,Train Log Loss :0.16385977940318408
Validation F1 Score:0.5205806883192694, Validation Precision:0.7951971560547633, Validation Recall: 0.5173046857383383,          Validation ROC AUC Score: 0.8405787207548493, Valid Zero One Loss:0.7095238095238096,Valid Log Loss: 0.16249047672057174
****************************************************************************************************
Langauge Feature Started
Langauge Feature Ended
Graph Features Creation Started
Graph Feature Creation Ended
Node Features Creation Started
Node Features Creation Ended
DataFrame Creation Started
DataFrame Creation Ended!!
One Hot Encoding Started
One Hot Encoding created and Saved
Langauge Feature Started
Langauge Feature Ended
Graph Features Creation Started
Graph Feature Creation Ended
Node Features Creation Started
Node Features Creation Ended
DataFrame Creation Started
DataFrame Creation Ended!!
One Hot Encoding Started
One Hot Encoding created and Saved
************************************************** Fold 2 **************************************************
Train F1 Score:0.5136683799555324, Train Precision:0.7818050624134332, Train Recall: 0.5136728051335083,          Train ROC AUC Score:0.8446642538634525,Train Zero One Loss:0.6898809523809524,Train Log Loss :0.16213196213661077
Validation F1 Score:0.5054055314778866, Validation Precision:0.7017520146452702, Validation Recall: 0.5095322519629825,          Validation ROC AUC Score: 0.8321856954368647, Valid Zero One Loss:0.6861904761904762,Valid Log Loss: 0.17073574169376182
****************************************************************************************************
Langauge Feature Started
Langauge Feature Ended
Graph Features Creation Started
Graph Feature Creation Ended
Node Features Creation Started
Node Features Creation Ended
DataFrame Creation Started
DataFrame Creation Ended!!
One Hot Encoding Started
One Hot Encoding created and Saved
Langauge Feature Started
Langauge Feature Ended
Graph Features Creation Started
Graph Feature Creation Ended
Node Features Creation Started
Node Features Creation Ended
DataFrame Creation Started
DataFrame Creation Ended!!
One Hot Encoding Started
One Hot Encoding created and Saved
************************************************** Fold 3 **************************************************
Train F1 Score:0.5103008253475948, Train Precision:0.7573236177445011, Train Recall: 0.511908044441571,          Train ROC AUC Score:0.8404061459896164,Train Zero One Loss:0.69,Train Log Loss :0.16381244557943678
Validation F1 Score:0.5073005991263454, Validation Precision:0.7683665170438341, Validation Recall: 0.5105167104282149,          Validation ROC AUC Score: 0.850519854776492, Valid Zero One Loss:0.6885714285714286,Valid Log Loss: 0.16368821294433109
****************************************************************************************************
Langauge Feature Started
Langauge Feature Ended
Graph Features Creation Started
Graph Feature Creation Ended
Node Features Creation Started
Node Features Creation Ended
DataFrame Creation Started
DataFrame Creation Ended!!
One Hot Encoding Started
One Hot Encoding created and Saved
Langauge Feature Started
Langauge Feature Ended
Graph Features Creation Started
Graph Feature Creation Ended
Node Features Creation Started
Node Features Creation Ended
DataFrame Creation Started
DataFrame Creation Ended!!
One Hot Encoding Started
One Hot Encoding created and Saved
************************************************** Fold 4 **************************************************
Train F1 Score:0.508578067208067, Train Precision:0.7686720748891147, Train Recall: 0.511093889389832,          Train ROC AUC Score:0.8414703301615469,Train Zero One Loss:0.6908333333333333,Train Log Loss :0.16454227358136878
Validation F1 Score:0.5028013529572914, Validation Precision:0.7394967917007373, Validation Recall: 0.5079277015946125,          Validation ROC AUC Score: 0.8439814842507714, Valid Zero One Loss:0.6828571428571428,Valid Log Loss: 0.16097312243309853
****************************************************************************************************
*************** Final Summary ***************
average training precision:0.7585064147618723 std training precision:0.015377106831759317
average training recall:0.5118997088583971 std training recall:0.0011207752710079683
average training f1:0.5102214245753636 std training f1:0.002179448146450419
average training auc:0.842561254958133 std training auc:0.001496500901238629
average training zero one loss:0.6881428571428572 std training zero one loss:0.0032901970800237232
average training log loss:0.16369384706321932 std training log loss:0.0008227867372853869
average validation precision:0.7628540083970676 std validation precision:0.0388004418094788
average validation recall:0.5124374811317819 std validation recall:0.003901939762341235
average validation f1:0.5111751866581817 std validation f1:0.007497497524453311
average validation auc:0.8417278736125582 std validation f1:0.005913998833529927
average validation zero one loss:0.6901904761904762 std validation zero one loss:0.009868063883419919
average validation log loss:0.1640595590568427 std validation log loss:0.0034472502483973637
--------------------------------------------------------------------------------
Training completed at: 2025-04-25 20:10:36
