Training model: qda with 10 folds
Log file: ../results/qda_balanced_2.log
Training started at: 2025-05-24 13:40:09
--------------------------------------------------------------------------------
Loading the data
Loaded and Folds created successfully!!!
Langauge Feature Started
Langauge Feature Ended
Graph Features Creation Started
Graph Feature Creation Ended
Node Features Creation Started
Node Features Creation Ended
DataFrame Creation Started
DataFrame Creation Ended!!
One Hot Encoding Started
One Hot Encoding created and Saved
Langauge Feature Started
Langauge Feature Ended
Graph Features Creation Started
Graph Feature Creation Ended
Node Features Creation Started
Node Features Creation Ended
DataFrame Creation Started
DataFrame Creation Ended!!
One Hot Encoding Started
One Hot Encoding created and Saved
