Training model: xgb_auc with 10 folds
Log file: ../results/xgb_auc_balanced_with_imp_tree_features.log
Training started at: 2025-05-25 22:39:14
--------------------------------------------------------------------------------
Loading the data
Loaded and Folds created successfully!!!
Langauge Feature Started
Langauge Feature Ended
Graph Features Creation Started
Graph Feature Creation Ended
Node Features Creation Started
Node Features Creation Ended
DataFrame Creation Started
DataFrame Creation Ended!!
One Hot Encoding Started
One Hot Encoding created and Saved
Langauge Feature Started
Langauge Feature Ended
Graph Features Creation Started
Graph Feature Creation Ended
Node Features Creation Started
Node Features Creation Ended
DataFrame Creation Started
DataFrame Creation Ended!!
One Hot Encoding Started
One Hot Encoding created and Saved
************************************************** Fold 0 **************************************************
Train F1 Score:0.9806906439607608, Train Precision:0.9923579459034189, Train Recall: 0.9696277879948718,          Train ROC AUC Score:0.9997872627651863,Train Zero One Loss:0.033756613756613756,Train Log Loss :0.018559112729084903
Validation F1 Score:0.5962931940014539, Validation Precision:0.6948441785382575, Validation Recall: 0.5686103062660254,          Validation ROC AUC Score: 0.8575933089183372, Valid Zero One Loss:0.6533333333333333,Valid Log Loss: 0.19844527366628695
****************************************************************************************************
Langauge Feature Started
Langauge Feature Ended
Graph Features Creation Started
Graph Feature Creation Ended
Node Features Creation Started
Node Features Creation Ended
DataFrame Creation Started
DataFrame Creation Ended!!
One Hot Encoding Started
One Hot Encoding created and Saved
Langauge Feature Started
Langauge Feature Ended
Graph Features Creation Started
Graph Feature Creation Ended
Node Features Creation Started
Node Features Creation Ended
DataFrame Creation Started
DataFrame Creation Ended!!
One Hot Encoding Started
One Hot Encoding created and Saved
************************************************** Fold 1 **************************************************
Train F1 Score:0.97977138273924, Train Precision:0.9924101770917608, Train Recall: 0.9678395464698297,          Train ROC AUC Score:0.9997837656174648,Train Zero One Loss:0.0346031746031746,Train Log Loss :0.01861158855348623
Validation F1 Score:0.6037582276521261, Validation Precision:0.7063564142896711, Validation Recall: 0.5741928575294382,          Validation ROC AUC Score: 0.8653175505196937, Valid Zero One Loss:0.6171428571428571,Valid Log Loss: 0.1986010507761457
****************************************************************************************************
Langauge Feature Started
Langauge Feature Ended
Graph Features Creation Started
Graph Feature Creation Ended
Node Features Creation Started
Node Features Creation Ended
DataFrame Creation Started
DataFrame Creation Ended!!
One Hot Encoding Started
One Hot Encoding created and Saved
Langauge Feature Started
Langauge Feature Ended
Graph Features Creation Started
Graph Feature Creation Ended
Node Features Creation Started
Node Features Creation Ended
DataFrame Creation Started
DataFrame Creation Ended!!
One Hot Encoding Started
One Hot Encoding created and Saved
************************************************** Fold 2 **************************************************
Train F1 Score:0.9791479373345726, Train Precision:0.9928437243445007, Train Recall: 0.9662799560782528,          Train ROC AUC Score:0.9997685858319953,Train Zero One Loss:0.0346031746031746,Train Log Loss :0.018950870510053536
Validation F1 Score:0.5875950786174998, Validation Precision:0.6850341432978613, Validation Recall: 0.5620802744624868,          Validation ROC AUC Score: 0.8547416738141271, Valid Zero One Loss:0.6676190476190477,Valid Log Loss: 0.19990154930346526
****************************************************************************************************
Langauge Feature Started
Langauge Feature Ended
Graph Features Creation Started
Graph Feature Creation Ended
Node Features Creation Started
Node Features Creation Ended
DataFrame Creation Started
DataFrame Creation Ended!!
One Hot Encoding Started
One Hot Encoding created and Saved
Langauge Feature Started
Langauge Feature Ended
Graph Features Creation Started
Graph Feature Creation Ended
Node Features Creation Started
Node Features Creation Ended
DataFrame Creation Started
DataFrame Creation Ended!!
One Hot Encoding Started
One Hot Encoding created and Saved
************************************************** Fold 3 **************************************************
Train F1 Score:0.9801906941678532, Train Precision:0.9931373002912269, Train Recall: 0.9679841323497808,          Train ROC AUC Score:0.9997925930067835,Train Zero One Loss:0.03439153439153439,Train Log Loss :0.018339113153476794
Validation F1 Score:0.6101707754644228, Validation Precision:0.7181478255052193, Validation Recall: 0.5786619042431222,          Validation ROC AUC Score: 0.8642354701985382, Valid Zero One Loss:0.6361904761904762,Valid Log Loss: 0.20289480230550486
****************************************************************************************************
Langauge Feature Started
Langauge Feature Ended
Graph Features Creation Started
Graph Feature Creation Ended
Node Features Creation Started
Node Features Creation Ended
DataFrame Creation Started
DataFrame Creation Ended!!
One Hot Encoding Started
One Hot Encoding created and Saved
Langauge Feature Started
Langauge Feature Ended
Graph Features Creation Started
Graph Feature Creation Ended
Node Features Creation Started
Node Features Creation Ended
DataFrame Creation Started
DataFrame Creation Ended!!
One Hot Encoding Started
One Hot Encoding created and Saved
************************************************** Fold 4 **************************************************
Train F1 Score:0.9792132297623053, Train Precision:0.9930279557065298, Train Recall: 0.9662390700606964,          Train ROC AUC Score:0.9997675611341709,Train Zero One Loss:0.035661375661375665,Train Log Loss :0.01871906642799076
Validation F1 Score:0.5892484973630857, Validation Precision:0.6858799776548912, Validation Recall: 0.5638618376928236,          Validation ROC AUC Score: 0.8424110529845741, Valid Zero One Loss:0.6914285714285714,Valid Log Loss: 0.22468838782793754
****************************************************************************************************
Langauge Feature Started
Langauge Feature Ended
Graph Features Creation Started
Graph Feature Creation Ended
Node Features Creation Started
Node Features Creation Ended
DataFrame Creation Started
DataFrame Creation Ended!!
One Hot Encoding Started
One Hot Encoding created and Saved
Langauge Feature Started
Langauge Feature Ended
Graph Features Creation Started
Graph Feature Creation Ended
Node Features Creation Started
Node Features Creation Ended
DataFrame Creation Started
DataFrame Creation Ended!!
One Hot Encoding Started
One Hot Encoding created and Saved
************************************************** Fold 5 **************************************************
Train F1 Score:0.9803942773302381, Train Precision:0.993265366708102, Train Recall: 0.9682545833338825,          Train ROC AUC Score:0.9997898397459495,Train Zero One Loss:0.033756613756613756,Train Log Loss :0.01881282037571893
Validation F1 Score:0.6196224220482115, Validation Precision:0.7120847081401087, Validation Recall: 0.5877421569923066,          Validation ROC AUC Score: 0.853304207899626, Valid Zero One Loss:0.6161904761904762,Valid Log Loss: 0.20412493669765938
****************************************************************************************************
Langauge Feature Started
Langauge Feature Ended
Graph Features Creation Started
Graph Feature Creation Ended
Node Features Creation Started
Node Features Creation Ended
DataFrame Creation Started
DataFrame Creation Ended!!
One Hot Encoding Started
One Hot Encoding created and Saved
Langauge Feature Started
Langauge Feature Ended
Graph Features Creation Started
Graph Feature Creation Ended
Node Features Creation Started
Node Features Creation Ended
DataFrame Creation Started
DataFrame Creation Ended!!
One Hot Encoding Started
One Hot Encoding created and Saved
************************************************** Fold 6 **************************************************
Train F1 Score:0.9811588051288904, Train Precision:0.9925711796188994, Train Recall: 0.9703248246244252,          Train ROC AUC Score:0.9998091944035054,Train Zero One Loss:0.03248677248677249,Train Log Loss :0.018148865791490935
Validation F1 Score:0.5949956453215607, Validation Precision:0.693659863541724, Validation Recall: 0.5676469194137296,          Validation ROC AUC Score: 0.8539066924400533, Valid Zero One Loss:0.6628571428571428,Valid Log Loss: 0.20459694679240695
****************************************************************************************************
Langauge Feature Started
Langauge Feature Ended
Graph Features Creation Started
Graph Feature Creation Ended
Node Features Creation Started
Node Features Creation Ended
DataFrame Creation Started
DataFrame Creation Ended!!
One Hot Encoding Started
One Hot Encoding created and Saved
Langauge Feature Started
Langauge Feature Ended
Graph Features Creation Started
Graph Feature Creation Ended
Node Features Creation Started
Node Features Creation Ended
DataFrame Creation Started
DataFrame Creation Ended!!
One Hot Encoding Started
One Hot Encoding created and Saved
************************************************** Fold 7 **************************************************
Train F1 Score:0.9802637178540451, Train Precision:0.9929467030503079, Train Recall: 0.968291263657513,          Train ROC AUC Score:0.9997898739740043,Train Zero One Loss:0.0346031746031746,Train Log Loss :0.018307605051069
Validation F1 Score:0.596660333438248, Validation Precision:0.6914438019840946, Validation Recall: 0.5697209386163274,          Validation ROC AUC Score: 0.8570367002042845, Valid Zero One Loss:0.6619047619047619,Valid Log Loss: 0.21437389073131052
****************************************************************************************************
Langauge Feature Started
Langauge Feature Ended
Graph Features Creation Started
Graph Feature Creation Ended
Node Features Creation Started
Node Features Creation Ended
DataFrame Creation Started
DataFrame Creation Ended!!
One Hot Encoding Started
One Hot Encoding created and Saved
Langauge Feature Started
Langauge Feature Ended
Graph Features Creation Started
Graph Feature Creation Ended
Node Features Creation Started
Node Features Creation Ended
DataFrame Creation Started
DataFrame Creation Ended!!
One Hot Encoding Started
One Hot Encoding created and Saved
************************************************** Fold 8 **************************************************
Train F1 Score:0.9790317381811706, Train Precision:0.9928347086390455, Train Recall: 0.9660690926349581,          Train ROC AUC Score:0.999762907375385,Train Zero One Loss:0.035661375661375665,Train Log Loss :0.019152463547079036
Validation F1 Score:0.602235581412544, Validation Precision:0.7111099859754006, Validation Recall: 0.5723226382788655,          Validation ROC AUC Score: 0.8579573190401748, Valid Zero One Loss:0.6580952380952381,Valid Log Loss: 0.2010226947615897
****************************************************************************************************
Langauge Feature Started
Langauge Feature Ended
Graph Features Creation Started
Graph Feature Creation Ended
Node Features Creation Started
Node Features Creation Ended
DataFrame Creation Started
DataFrame Creation Ended!!
One Hot Encoding Started
One Hot Encoding created and Saved
Langauge Feature Started
Langauge Feature Ended
Graph Features Creation Started
Graph Feature Creation Ended
Node Features Creation Started
Node Features Creation Ended
DataFrame Creation Started
DataFrame Creation Ended!!
One Hot Encoding Started
One Hot Encoding created and Saved
************************************************** Fold 9 **************************************************
Train F1 Score:0.9798640030332313, Train Precision:0.9929877532633753, Train Recall: 0.9675009212013922,          Train ROC AUC Score:0.9997824257298409,Train Zero One Loss:0.03492063492063492,Train Log Loss :0.018778082388475413
Validation F1 Score:0.6030851947037165, Validation Precision:0.7178579832634033, Validation Recall: 0.5725429202277063,          Validation ROC AUC Score: 0.8659171335446175, Valid Zero One Loss:0.6552380952380953,Valid Log Loss: 0.19390751226403136
****************************************************************************************************
*************** Final Summary ***************
average training precision:0.9928382814617167 std training precision:0.0002876228141512047
average training recall:0.9678411178405602 std training recall:0.0013421855474528893
average training f1:0.9799726429492308 std training f1:0.0006653578345351534
average training auc:0.9997834009584284 std training auc:1.3189109239928198e-05
average training zero one loss:0.034444444444444444 std training zero one loss:0.0008969775588478673
average training log loss:0.01863795885279255 std training log loss:0.0002939361996649811
average validation precision:0.7016418882190633 std validation precision:0.012225012789317119
average validation recall:0.5717382753722833 std validation recall:0.007049702508285546
average validation f1:0.6003664950022869 std validation f1:0.009138904163387043
average validation auc:0.8572421109564026 std validation f1:0.006655053976900567
average validation zero one loss:0.652 std validation zero one loss:0.021934555307853588
average validation log loss:0.2042557045126338 std validation log loss:0.008509348735956749
--------------------------------------------------------------------------------
Training completed at: 2025-05-26 00:03:06
